<?xml version="1.0" encoding="UTF-8"?>
<!-- Generated by org.testng.reporters.JUnitXMLReporter -->
<testsuite ignored="1" hostname="DESKTOP-6NI18F4" failures="0" tests="5" name="Default test" time="36.718" errors="0" timestamp="2022-03-14T21:01:46 IST">
  <testcase classname="com.ExcelTestcases.ReadExcelDataProvider_TestCases" name="ReadExcel" time="0.615"/>
  <testcase classname="com.ExcelTestcases.ReadExcelDataProvider_TestCases" name="ReadExcel" time="0.185"/>
  <testcase classname="com.ExcelTestcases.ReadExcelDataProvider_TestCases" name="ReadExcel" time="0.175"/>
  <testcase classname="com.ExcelTestcases.ReadExcelDataProvider_TestCases" name="ReadExcel" time="0.183"/>
  <testcase classname="com.ExcelTestcases.ReadExcelDataProvider_TestCases" name="ReadExcel" time="0.164"/>
  <testcase classname="com.ExcelTestcases.ReadExcelDataProvider_TestCases" name="BhimanTitleTest" time="0.0">
    <ignored/>
  </testcase> <!-- BhimanTitleTest -->
</testsuite> <!-- Default test -->
