<?xml version="1.0" encoding="UTF-8"?>
<!-- Generated by org.testng.reporters.JUnitXMLReporter -->
<testsuite ignored="0" hostname="DESKTOP-6NI18F4" failures="0" tests="1" name="Test" time="48.013" errors="0" timestamp="2022-03-12T19:37:20 IST">
  <testcase classname="com.crm.qa.base.TestBase" name="@AfterMethod tearDown" time="0.059">
    <failure type="java.lang.NullPointerException">
      <![CDATA[java.lang.NullPointerException
at com.crm.qa.base.TestBase.tearDown(TestBase.java:166)
at java.base/java.util.ArrayList.forEach(ArrayList.java:1541)
... Removed 32 stack frames]]>
    </failure>
  </testcase> <!-- @AfterMethod tearDown -->
  <testcase classname="com.crm.qa.testcases.BanksPageTest" name="addbankBtnTest" time="20.996"/>
</testsuite> <!-- Test -->
