<?xml version="1.0" encoding="UTF-8"?>
<testng-results ignored="1" total="2" passed="1" failed="0" skipped="0">
  <reporter-output>
  </reporter-output>
  <suite started-at="2022-03-05T14:40:25Z" name="Default suite" finished-at="2022-03-05T14:40:40Z" duration-ms="14150">
    <groups>
    </groups>
    <test started-at="2022-03-05T14:40:25Z" name="Default test" finished-at="2022-03-05T14:40:40Z" duration-ms="14150">
      <class name="com.crm.qa.testcases.HomePageTest1">
        <test-method is-config="true" signature="setExtent()[pri:0, instance:com.crm.qa.testcases.HomePageTest1@4f966719]" started-at="2022-03-05T20:10:25Z" name="setExtent" finished-at="2022-03-05T20:10:26Z" duration-ms="255" status="PASS">
          <reporter-output>
          </reporter-output>
        </test-method> <!-- setExtent -->
        <test-method is-config="true" signature="setUp()[pri:0, instance:com.crm.qa.testcases.HomePageTest1@4f966719]" started-at="2022-03-05T20:10:26Z" name="setUp" finished-at="2022-03-05T20:10:34Z" duration-ms="8179" status="PASS">
          <reporter-output>
          </reporter-output>
        </test-method> <!-- setUp -->
        <test-method signature="MastersTabHover()[pri:2, instance:com.crm.qa.testcases.HomePageTest1@4f966719]" started-at="2022-03-05T20:10:34Z" name="MastersTabHover" finished-at="2022-03-05T20:10:38Z" duration-ms="3627" status="PASS">
          <reporter-output>
          </reporter-output>
        </test-method> <!-- MastersTabHover -->
        <test-method is-config="true" signature="tearDown(org.testng.ITestResult)[pri:0, instance:com.crm.qa.testcases.HomePageTest1@4f966719]" started-at="2022-03-05T20:10:38Z" name="tearDown" finished-at="2022-03-05T20:10:39Z" duration-ms="879" status="PASS">
          <params>
            <param index="0">
              <value>
                <![CDATA[[TestResult name=MastersTabHover status=SUCCESS method=HomePageTest1.MastersTabHover()[pri:2, instance:com.crm.qa.testcases.HomePageTest1@4f966719] output={null}]]]>
              </value>
            </param>
          </params>
          <reporter-output>
          </reporter-output>
        </test-method> <!-- tearDown -->
        <test-method is-config="true" signature="endReport()[pri:0, instance:com.crm.qa.testcases.HomePageTest1@4f966719]" started-at="2022-03-05T20:10:39Z" name="endReport" finished-at="2022-03-05T20:10:40Z" duration-ms="584" status="PASS">
          <reporter-output>
          </reporter-output>
        </test-method> <!-- endReport -->
      </class> <!-- com.crm.qa.testcases.HomePageTest1 -->
    </test> <!-- Default test -->
  </suite> <!-- Default suite -->
</testng-results>
